<?xml version="1.0" encoding="UTF-8"?>
<!-- Generated by org.testng.reporters.JUnitXMLReporter -->
<testsuite hostname="VRC-PC" ignored="0" name="employee_signup_test1" tests="1" failures="1" timestamp="07 Feb 2020 08:43:15 GMT" time="8.015" errors="0">
  <testcase name="signUpTest" time="3.981" classname="com.ems.testcases.TC_SignUp_001">
    <failure type="org.testng.internal.reflect.MethodMatcherException" message="
Data provider mismatch
Method: signUpTest([Parameter{index=0, type=java.lang.String, declaredAnnotations=[]}, Parameter{index=1, type=java.lang.String, declaredAnnotations=[]}, Parameter{index=2, type=java.lang.String, declaredAnnotations=[]}, Parameter{index=3, type=java.lang.String, declaredAnnotations=[]}, Parameter{index=4, type=java.lang.String, declaredAnnotations=[]}, Parameter{index=5, type=java.lang.String, declaredAnnotations=[]}])
Arguments: [(java.lang.String) sanju,(java.lang.String) d,(java.lang.String) sanju@gmail.com,(java.lang.String) ,(java.lang.String) Abcd@1234,(java.lang.String) Abcd@1234,(java.lang.String) ,(java.lang.String) failed]">
      <![CDATA[org.testng.internal.reflect.MethodMatcherException: 
Data provider mismatch
Method: signUpTest([Parameter{index=0, type=java.lang.String, declaredAnnotations=[]}, Parameter{index=1, type=java.lang.String, declaredAnnotations=[]}, Parameter{index=2, type=java.lang.String, declaredAnnotations=[]}, Parameter{index=3, type=java.lang.String, declaredAnnotations=[]}, Parameter{index=4, type=java.lang.String, declaredAnnotations=[]}, Parameter{index=5, type=java.lang.String, declaredAnnotations=[]}])
Arguments: [(java.lang.String) sanju,(java.lang.String) d,(java.lang.String) sanju@gmail.com,(java.lang.String) ,(java.lang.String) Abcd@1234,(java.lang.String) Abcd@1234,(java.lang.String) ,(java.lang.String) failed]
... Removed 20 stack frames]]>
    </failure>
  </testcase> <!-- signUpTest -->
</testsuite> <!-- employee_signup_test1 -->
